{"name": "Тест увеличения каунтера \"Выполнено за всё время\"", "status": "passed", "statusDetails": {"message": "selenium.common.exceptions.ElementClickInterceptedException: Message: Element <a class=\"AppHeader_header__link__3D_hX AppHeader_header__link_active__1IkJo\" href=\"/\"> is not clickable at point (88,44) because another element <div class=\"Modal_modal_overlay__x2ZCr\"> obscures it\nStacktrace:\nRemoteError@chrome://remote/content/shared/RemoteError.sys.mjs:8:8\nWebDriverError@chrome://remote/content/shared/webdriver/Errors.sys.mjs:199:5\nElementClickInterceptedError@chrome://remote/content/shared/webdriver/Errors.sys.mjs:351:5\nwebdriverClickElement@chrome://remote/content/marionette/interaction.sys.mjs:175:11\ninteraction.clickElement@chrome://remote/content/marionette/interaction.sys.mjs:134:11\nclickElement@chrome://remote/content/marionette/actors/MarionetteCommandsChild.sys.mjs:297:29\nreceiveMessage@chrome://remote/content/marionette/actors/MarionetteCommandsChild.sys.mjs:180:31", "trace": "self = <tests.test_order_feed.TestOrderFeed object at 0x0000021488BCEC40>, driver = <selenium.webdriver.firefox.webdriver.WebDriver (session=\"313c4aee-28ed-4d18-9a69-d4385760cc6d\")>\n\n    @allure.title('Тест увеличения каунтера \"Выполнено за всё время\"')\n    @pytest.mark.parametrize('driver', ['chrome', 'firefox'], indirect=True)\n    def test_all_time_counter_order(self, driver):\n        driver.get(f'{URL_MAIN_PAGE}{URL_ORDER_FEED_PAGE}')\n        order_feed_page = OrderFeedPage(driver)\n        counter = order_feed_page.get_counter_all_time_done()\n    \n        driver.get(f'{URL_MAIN_PAGE}{URL_LOGIN_PAGE}')\n    \n        personal_account_page = PersonalAccountPage(driver)\n        personal_account_page.enter_email_on_authorization_page(TEST_MAIL)\n        personal_account_page.enter_password_on_authorization_page(TEST_PASS)\n        personal_account_page.click_on_auth_button()\n    \n        main_func_page = MainFuncPage(driver)\n>       main_func_page.click_on_constructor_button()\n\ntests\\test_order_feed.py:65: \n_ _ _ _ _ _ _ _ _ _ _ _ _ _ _ _ _ _ _ _ _ _ _ _ _ _ _ _ _ _ _ _ _ _ _ _ _ _ _ _ _ _ _ _ _ _ _ _ _ _ _ _ _ _ _ _ _ _ _ _ _ _ _ _ _ _ _ _ _ _ _ _ _ _ _ _ _ _ _ _ _ _ _ _ _ _ _ _ _ _ _ _ _ _ _ _ _ _ _ _ _ _ _ _ _ _ _ _ _ _ _ _ _ _\npages\\main_func_page.py:19: in click_on_constructor_button\n    self.click_to_element(MainFuncLocators.CONSTRUCTOR_BUTTON)\npages\\base_page.py:20: in click_to_element\n    return self.driver.find_element(*locator).click()\n           ^^^^^^^^^^^^^^^^^^^^^^^^^^^^^^^^^^^^^^^^^^\n.venv\\Lib\\site-packages\\selenium\\webdriver\\remote\\webelement.py:121: in click\n    self._execute(Command.CLICK_ELEMENT)\n.venv\\Lib\\site-packages\\selenium\\webdriver\\remote\\webelement.py:574: in _execute\n    return self._parent.execute(command, params)\n           ^^^^^^^^^^^^^^^^^^^^^^^^^^^^^^^^^^^^^\n.venv\\Lib\\site-packages\\selenium\\webdriver\\remote\\webdriver.py:447: in execute\n    self.error_handler.check_response(response)\n_ _ _ _ _ _ _ _ _ _ _ _ _ _ _ _ _ _ _ _ _ _ _ _ _ _ _ _ _ _ _ _ _ _ _ _ _ _ _ _ _ _ _ _ _ _ _ _ _ _ _ _ _ _ _ _ _ _ _ _ _ _ _ _ _ _ _ _ _ _ _ _ _ _ _ _ _ _ _ _ _ _ _ _ _ _ _ _ _ _ _ _ _ _ _ _ _ _ _ _ _ _ _ _ _ _ _ _ _ _ _ _ _ _\n\nself = <selenium.webdriver.remote.errorhandler.ErrorHandler object at 0x0000021488DB0410>\nresponse = {'status': 400, 'value': '{\"value\":{\"error\":\"element click intercepted\",\"message\":\"Element <a class=\\\\\"AppHeader_heade...er_header__link_active__1IkJo\\\\\" href=\\\\\"/\\\\\">\",\"overlayingElement\":\"<div class=\\\\\"Modal_modal_overlay__x2ZCr\\\\\">\"}}}'}\n\n    def check_response(self, response: Dict[str, Any]) -> None:\n        \"\"\"Checks that a JSON response from the WebDriver does not have an\n        error.\n    \n        :Args:\n         - response - The JSON response from the WebDriver server as a dictionary\n           object.\n    \n        :Raises: If the response contains an error message.\n        \"\"\"\n        status = response.get(\"status\", None)\n        if not status or status == ErrorCode.SUCCESS:\n            return\n        value = None\n        message = response.get(\"message\", \"\")\n        screen: str = response.get(\"screen\", \"\")\n        stacktrace = None\n        if isinstance(status, int):\n            value_json = response.get(\"value\", None)\n            if value_json and isinstance(value_json, str):\n                import json\n    \n                try:\n                    value = json.loads(value_json)\n                    if len(value) == 1:\n                        value = value[\"value\"]\n                    status = value.get(\"error\", None)\n                    if not status:\n                        status = value.get(\"status\", ErrorCode.UNKNOWN_ERROR)\n                        message = value.get(\"value\") or value.get(\"message\")\n                        if not isinstance(message, str):\n                            value = message\n                            message = message.get(\"message\")\n                    else:\n                        message = value.get(\"message\", None)\n                except ValueError:\n                    pass\n    \n        exception_class: Type[WebDriverException]\n        e = ErrorCode()\n        error_codes = [item for item in dir(e) if not item.startswith(\"__\")]\n        for error_code in error_codes:\n            error_info = getattr(ErrorCode, error_code)\n            if isinstance(error_info, list) and status in error_info:\n                exception_class = getattr(ExceptionMapping, error_code, WebDriverException)\n                break\n        else:\n            exception_class = WebDriverException\n    \n        if not value:\n            value = response[\"value\"]\n        if isinstance(value, str):\n            raise exception_class(value)\n        if message == \"\" and \"message\" in value:\n            message = value[\"message\"]\n    \n        screen = None  # type: ignore[assignment]\n        if \"screen\" in value:\n            screen = value[\"screen\"]\n    \n        stacktrace = None\n        st_value = value.get(\"stackTrace\") or value.get(\"stacktrace\")\n        if st_value:\n            if isinstance(st_value, str):\n                stacktrace = st_value.split(\"\\n\")\n            else:\n                stacktrace = []\n                try:\n                    for frame in st_value:\n                        line = frame.get(\"lineNumber\", \"\")\n                        file = frame.get(\"fileName\", \"<anonymous>\")\n                        if line:\n                            file = f\"{file}:{line}\"\n                        meth = frame.get(\"methodName\", \"<anonymous>\")\n                        if \"className\" in frame:\n                            meth = f\"{frame['className']}.{meth}\"\n                        msg = \"    at %s (%s)\"\n                        msg = msg % (meth, file)\n                        stacktrace.append(msg)\n                except TypeError:\n                    pass\n        if exception_class == UnexpectedAlertPresentException:\n            alert_text = None\n            if \"data\" in value:\n                alert_text = value[\"data\"].get(\"text\")\n            elif \"alert\" in value:\n                alert_text = value[\"alert\"].get(\"text\")\n            raise exception_class(message, screen, stacktrace, alert_text)  # type: ignore[call-arg]  # mypy is not smart enough here\n>       raise exception_class(message, screen, stacktrace)\nE       selenium.common.exceptions.ElementClickInterceptedException: Message: Element <a class=\"AppHeader_header__link__3D_hX AppHeader_header__link_active__1IkJo\" href=\"/\"> is not clickable at point (88,44) because another element <div class=\"Modal_modal_overlay__x2ZCr\"> obscures it\nE       Stacktrace:\nE       RemoteError@chrome://remote/content/shared/RemoteError.sys.mjs:8:8\nE       WebDriverError@chrome://remote/content/shared/webdriver/Errors.sys.mjs:199:5\nE       ElementClickInterceptedError@chrome://remote/content/shared/webdriver/Errors.sys.mjs:351:5\nE       webdriverClickElement@chrome://remote/content/marionette/interaction.sys.mjs:175:11\nE       interaction.clickElement@chrome://remote/content/marionette/interaction.sys.mjs:134:11\nE       clickElement@chrome://remote/content/marionette/actors/MarionetteCommandsChild.sys.mjs:297:29\nE       receiveMessage@chrome://remote/content/marionette/actors/MarionetteCommandsChild.sys.mjs:180:31\n\n.venv\\Lib\\site-packages\\selenium\\webdriver\\remote\\errorhandler.py:232: ElementClickInterceptedException"}, "steps": [{"name": "Узнаем число каунтера Выполнено за все время и возвращаем его", "status": "passed", "start": 1749140747907, "stop": 1749140747925}, {"name": "Ввод email в поле email на странице авторизации", "status": "passed", "parameters": [{"name": "email", "value": "'ryabov400@mail.ru'"}], "start": 1749140748453, "stop": 1749140748499}, {"name": "Ввод пароля в поле пароля на странице авторизации", "status": "passed", "parameters": [{"name": "password", "value": "'ryabov400@mail.ru'"}], "start": 1749140748499, "stop": 1749140748518}, {"name": "Клик на кнопку Войти на странице авторизации", "status": "passed", "start": 1749140748518, "stop": 1749140748744}, {"name": "Клик на кнопку Конструктор", "status": "broken", "statusDetails": {"message": "selenium.common.exceptions.ElementClickInterceptedException: Message: Element <a class=\"AppHeader_header__link__3D_hX AppHeader_header__link_active__1IkJo\" href=\"/\"> is not clickable at point (88,44) because another element <div class=\"Modal_modal_overlay__x2ZCr\"> obscures it\nStacktrace:\nRemoteError@chrome://remote/content/shared/RemoteError.sys.mjs:8:8\nWebDriverError@chrome://remote/content/shared/webdriver/Errors.sys.mjs:199:5\nElementClickInterceptedError@chrome://remote/content/shared/webdriver/Errors.sys.mjs:351:5\nwebdriverClickElement@chrome://remote/content/marionette/interaction.sys.mjs:175:11\ninteraction.clickElement@chrome://remote/content/marionette/interaction.sys.mjs:134:11\nclickElement@chrome://remote/content/marionette/actors/MarionetteCommandsChild.sys.mjs:297:29\nreceiveMessage@chrome://remote/content/marionette/actors/MarionetteCommandsChild.sys.mjs:180:31\n\n", "trace": "  File \"D:\\Program Files\\PythonProject\\PythonProject5\\PythonProject2\\.venv\\Lib\\site-packages\\allure_commons\\_allure.py\", line 202, in impl\n    return func(*a, **kw)\n  File \"D:\\Program Files\\PythonProject\\PythonProject5\\PythonProject2\\pages\\main_func_page.py\", line 19, in click_on_constructor_button\n    self.click_to_element(MainFuncLocators.CONSTRUCTOR_BUTTON)\n    ~~~~~~~~~~~~~~~~~~~~~^^^^^^^^^^^^^^^^^^^^^^^^^^^^^^^^^^^^^\n  File \"D:\\Program Files\\PythonProject\\PythonProject5\\PythonProject2\\pages\\base_page.py\", line 20, in click_to_element\n    return self.driver.find_element(*locator).click()\n           ~~~~~~~~~~~~~~~~~~~~~~~~~~~~~~~~~~~~~~~~^^\n  File \"D:\\Program Files\\PythonProject\\PythonProject5\\PythonProject2\\.venv\\Lib\\site-packages\\selenium\\webdriver\\remote\\webelement.py\", line 121, in click\n    self._execute(Command.CLICK_ELEMENT)\n    ~~~~~~~~~~~~~^^^^^^^^^^^^^^^^^^^^^^^\n  File \"D:\\Program Files\\PythonProject\\PythonProject5\\PythonProject2\\.venv\\Lib\\site-packages\\selenium\\webdriver\\remote\\webelement.py\", line 574, in _execute\n    return self._parent.execute(command, params)\n           ~~~~~~~~~~~~~~~~~~~~^^^^^^^^^^^^^^^^^\n  File \"D:\\Program Files\\PythonProject\\PythonProject5\\PythonProject2\\.venv\\Lib\\site-packages\\selenium\\webdriver\\remote\\webdriver.py\", line 447, in execute\n    self.error_handler.check_response(response)\n    ~~~~~~~~~~~~~~~~~~~~~~~~~~~~~~~~~^^^^^^^^^^\n  File \"D:\\Program Files\\PythonProject\\PythonProject5\\PythonProject2\\.venv\\Lib\\site-packages\\selenium\\webdriver\\remote\\errorhandler.py\", line 232, in check_response\n    raise exception_class(message, screen, stacktrace)\n"}, "start": 1749140748744, "stop": 1749140748767}], "parameters": [{"name": "driver", "value": "'firefox'"}], "start": 1749140744240, "stop": 1749140748768, "uuid": "04cc5ee2-d36d-4f04-a9ec-08f041df0f54", "historyId": "d22058ff3f7fde4ca19bc8aca4b8c3a7", "testCaseId": "608735f43dda5ae1654a0d64578aeb02", "fullName": "tests.test_order_feed.TestOrderFeed#test_all_time_counter_order", "labels": [{"name": "parentSuite", "value": "tests"}, {"name": "suite", "value": "test_order_feed"}, {"name": "subSuite", "value": "TestOrderFeed"}, {"name": "host", "value": "WIN-E0CER839EN3"}, {"name": "thread", "value": "4476-MainThread"}, {"name": "framework", "value": "pytest"}, {"name": "language", "value": "cpython3"}, {"name": "package", "value": "tests.test_order_feed"}]}